2024-02-11 15:05:21,596 INFO o.a.j.u.JMeterUtils: Setting Locale to en_EN
2024-02-11 15:05:21,644 INFO o.a.j.JMeter: Loading user properties from: user.properties
2024-02-11 15:05:21,645 INFO o.a.j.JMeter: Loading system properties from: system.properties
2024-02-11 15:05:21,662 INFO o.a.j.JMeter: Copyright (c) 1998-2024 The Apache Software Foundation
2024-02-11 15:05:21,663 INFO o.a.j.JMeter: Version 5.6.3
2024-02-11 15:05:21,663 INFO o.a.j.JMeter: java.version=20.0.2
2024-02-11 15:05:21,663 INFO o.a.j.JMeter: java.vm.name=OpenJDK 64-Bit Server VM
2024-02-11 15:05:21,663 INFO o.a.j.JMeter: os.name=Windows 10
2024-02-11 15:05:21,663 INFO o.a.j.JMeter: os.arch=amd64
2024-02-11 15:05:21,663 INFO o.a.j.JMeter: os.version=10.0
2024-02-11 15:05:21,663 INFO o.a.j.JMeter: file.encoding=UTF-8
2024-02-11 15:05:21,664 INFO o.a.j.JMeter: java.awt.headless=null
2024-02-11 15:05:21,664 INFO o.a.j.JMeter: Max memory     =1073741824
2024-02-11 15:05:21,664 INFO o.a.j.JMeter: Available Processors =4
2024-02-11 15:05:21,687 INFO o.a.j.JMeter: Default Locale=English (EN)
2024-02-11 15:05:21,688 INFO o.a.j.JMeter: JMeter  Locale=English (EN)
2024-02-11 15:05:21,688 INFO o.a.j.JMeter: JMeterHome=D:\GB_JAVA\Spring\Projects\Seminar10\apache-jmeter-5.6.3
2024-02-11 15:05:21,688 INFO o.a.j.JMeter: user.dir  =D:\GB_JAVA\Spring\Projects\Seminar10\apache-jmeter-5.6.3\bin
2024-02-11 15:05:21,689 INFO o.a.j.JMeter: PWD       =D:\GB_JAVA\Spring\Projects\Seminar10\apache-jmeter-5.6.3\bin
2024-02-11 15:05:21,690 INFO o.a.j.JMeter: IP: 192.168.0.110 Name: KOMPUTER FullName: KOMPUTER
2024-02-11 15:05:21,716 INFO o.a.j.JMeter: Loaded icon properties from org/apache/jmeter/images/icon.properties
2024-02-11 15:05:22,034 INFO o.a.j.JMeterGuiLauncher: Setting LAF to: com.github.weisj.darklaf.DarkLaf:com.github.weisj.darklaf.theme.DarculaTheme
